{"$message_type":"diagnostic","message":"cannot divide `Matrix<Complex<f64>, Dyn, Const<1>, VecStorage<Complex<f64>, Dyn, Const<1>>>` by `f64`","code":{"code":"E0277","explanation":"You tried to use a type which doesn't implement some trait in a place which\nexpected that trait.\n\nErroneous code example:\n\n```compile_fail,E0277\n// here we declare the Foo trait with a bar method\ntrait Foo {\n    fn bar(&self);\n}\n\n// we now declare a function which takes an object implementing the Foo trait\nfn some_func<T: Foo>(foo: T) {\n    foo.bar();\n}\n\nfn main() {\n    // we now call the method with the i32 type, which doesn't implement\n    // the Foo trait\n    some_func(5i32); // error: the trait bound `i32 : Foo` is not satisfied\n}\n```\n\nIn order to fix this error, verify that the type you're using does implement\nthe trait. Example:\n\n```\ntrait Foo {\n    fn bar(&self);\n}\n\n// we implement the trait on the i32 type\nimpl Foo for i32 {\n    fn bar(&self) {}\n}\n\nfn some_func<T: Foo>(foo: T) {\n    foo.bar(); // we can now use this method since i32 implements the\n               // Foo trait\n}\n\nfn main() {\n    some_func(5i32); // ok!\n}\n```\n\nOr in a generic context, an erroneous code example would look like:\n\n```compile_fail,E0277\nfn some_func<T>(foo: T) {\n    println!(\"{:?}\", foo); // error: the trait `core::fmt::Debug` is not\n                           //        implemented for the type `T`\n}\n\nfn main() {\n    // We now call the method with the i32 type,\n    // which *does* implement the Debug trait.\n    some_func(5i32);\n}\n```\n\nNote that the error here is in the definition of the generic function. Although\nwe only call it with a parameter that does implement `Debug`, the compiler\nstill rejects the function. It must work with all possible input types. In\norder to make this example compile, we need to restrict the generic type we're\naccepting:\n\n```\nuse std::fmt;\n\n// Restrict the input type to types that implement Debug.\nfn some_func<T: fmt::Debug>(foo: T) {\n    println!(\"{:?}\", foo);\n}\n\nfn main() {\n    // Calling the method is still fine, as i32 implements Debug.\n    some_func(5i32);\n\n    // This would fail to compile now:\n    // struct WithoutDebug;\n    // some_func(WithoutDebug);\n}\n```\n\nRust only looks at the signature of the called function, as such it must\nalready specify all requirements that will be used for every type parameter.\n"},"level":"error","spans":[{"file_name":"CORE/src/fibonacci_dimensions.rs","byte_start":3184,"byte_end":3185,"line_start":92,"line_end":92,"column_start":33,"column_end":34,"is_primary":true,"text":[{"text":"                vector = vector / norma;","highlight_start":33,"highlight_end":34}],"label":"no implementation for `Matrix<Complex<f64>, Dyn, Const<1>, VecStorage<Complex<f64>, Dyn, Const<1>>> / f64`","suggested_replacement":null,"suggestion_applicability":null,"expansion":null}],"children":[{"message":"the trait `Div<f64>` is not implemented for `Matrix<Complex<f64>, Dyn, Const<1>, VecStorage<Complex<f64>, Dyn, Const<1>>>`","code":null,"level":"help","spans":[],"children":[],"rendered":null},{"message":"the following other types implement trait `Div<Rhs>`:\n  `&Matrix<T, R, C, S>` implements `Div<T>`\n  `&Matrix<T, R1, C1, SA>` implements `Div<&Rotation<T, D2>>`\n  `&Matrix<T, R1, C1, SA>` implements `Div<Rotation<T, D2>>`\n  `Matrix<T, R, C, S>` implements `Div<T>`\n  `Matrix<T, R1, C1, SA>` implements `Div<&Rotation<T, D2>>`\n  `Matrix<T, R1, C1, SA>` implements `Div<Rotation<T, D2>>`","code":null,"level":"help","spans":[],"children":[],"rendered":null}],"rendered":"\u001b[1m\u001b[91merror[E0277]\u001b[0m\u001b[1m: cannot divide `Matrix<Complex<f64>, Dyn, Const<1>, VecStorage<Complex<f64>, Dyn, Const<1>>>` by `f64`\u001b[0m\n  \u001b[1m\u001b[94m--> \u001b[0mCORE/src/fibonacci_dimensions.rs:92:33\n   \u001b[1m\u001b[94m|\u001b[0m\n\u001b[1m\u001b[94m92\u001b[0m \u001b[1m\u001b[94m|\u001b[0m                 vector = vector / norma;\n   \u001b[1m\u001b[94m|\u001b[0m                                 \u001b[1m\u001b[91m^\u001b[0m \u001b[1m\u001b[91mno implementation for `Matrix<Complex<f64>, Dyn, Const<1>, VecStorage<Complex<f64>, Dyn, Const<1>>> / f64`\u001b[0m\n   \u001b[1m\u001b[94m|\u001b[0m\n   \u001b[1m\u001b[94m= \u001b[0m\u001b[1mhelp\u001b[0m: the trait `Div<f64>` is not implemented for `Matrix<Complex<f64>, Dyn, Const<1>, VecStorage<Complex<f64>, Dyn, Const<1>>>`\n   \u001b[1m\u001b[94m= \u001b[0m\u001b[1mhelp\u001b[0m: the following other types implement trait `Div<Rhs>`:\n             `&Matrix<T, R, C, S>` implements `Div<T>`\n             `&Matrix<T, R1, C1, SA>` implements `Div<&Rotation<T, D2>>`\n             `&Matrix<T, R1, C1, SA>` implements `Div<Rotation<T, D2>>`\n             `Matrix<T, R, C, S>` implements `Div<T>`\n             `Matrix<T, R1, C1, SA>` implements `Div<&Rotation<T, D2>>`\n             `Matrix<T, R1, C1, SA>` implements `Div<Rotation<T, D2>>`\n\n"}
{"$message_type":"diagnostic","message":"no method named `norm` found for struct `Complex<T>` in the current scope","code":{"code":"E0599","explanation":"This error occurs when a method is used on a type which doesn't implement it:\n\nErroneous code example:\n\n```compile_fail,E0599\nstruct Mouth;\n\nlet x = Mouth;\nx.chocolate(); // error: no method named `chocolate` found for type `Mouth`\n               //        in the current scope\n```\n\nIn this case, you need to implement the `chocolate` method to fix the error:\n\n```\nstruct Mouth;\n\nimpl Mouth {\n    fn chocolate(&self) { // We implement the `chocolate` method here.\n        println!(\"Hmmm! I love chocolate!\");\n    }\n}\n\nlet x = Mouth;\nx.chocolate(); // ok!\n```\n"},"level":"error","spans":[{"file_name":"/home/codespace/.cargo/registry/src/index.crates.io-1949cf8c6b5b557f/nalgebra-0.32.6/src/base/unit.rs","byte_start":3388,"byte_end":3392,"line_start":112,"line_end":112,"column_start":8,"column_end":12,"is_primary":false,"text":[{"text":"    fn norm(&self) -> Self::Norm;","highlight_start":8,"highlight_end":12}],"label":"the method is available for `Complex<f64>` here","suggested_replacement":null,"suggestion_applicability":null,"expansion":null},{"file_name":"CORE/src/fibonacci_dimensions.rs","byte_start":4589,"byte_end":4593,"line_start":130,"line_end":130,"column_start":42,"column_end":46,"is_primary":true,"text":[{"text":"                if (producto - esperado).norm() > tolerancia {","highlight_start":42,"highlight_end":46}],"label":null,"suggested_replacement":null,"suggestion_applicability":null,"expansion":null}],"children":[{"message":"items from traits can only be used if the trait is in scope","code":null,"level":"help","spans":[],"children":[],"rendered":null},{"message":"trait `Normed` which provides `norm` is implemented but not in scope; perhaps you want to import it","code":null,"level":"help","spans":[{"file_name":"CORE/src/fibonacci_dimensions.rs","byte_start":153,"byte_end":153,"line_start":5,"line_end":5,"column_start":1,"column_end":1,"is_primary":true,"text":[{"text":"use nalgebra::{Complex, DVector};","highlight_start":1,"highlight_end":1}],"label":null,"suggested_replacement":"use nalgebra::Normed;\n","suggestion_applicability":"MaybeIncorrect","expansion":null}],"children":[],"rendered":null},{"message":"there is a method `norm1` with a similar name","code":null,"level":"help","spans":[{"file_name":"CORE/src/fibonacci_dimensions.rs","byte_start":4589,"byte_end":4593,"line_start":130,"line_end":130,"column_start":42,"column_end":46,"is_primary":true,"text":[{"text":"                if (producto - esperado).norm() > tolerancia {","highlight_start":42,"highlight_end":46}],"label":null,"suggested_replacement":"norm1","suggestion_applicability":"MaybeIncorrect","expansion":null}],"children":[],"rendered":null}],"rendered":"\u001b[1m\u001b[91merror[E0599]\u001b[0m\u001b[1m: no method named `norm` found for struct `Complex<T>` in the current scope\u001b[0m\n   \u001b[1m\u001b[94m--> \u001b[0mCORE/src/fibonacci_dimensions.rs:130:42\n    \u001b[1m\u001b[94m|\u001b[0m\n\u001b[1m\u001b[94m130\u001b[0m \u001b[1m\u001b[94m|\u001b[0m                 if (producto - esperado).norm() > tolerancia {\n    \u001b[1m\u001b[94m|\u001b[0m                                          \u001b[1m\u001b[91m^^^^\u001b[0m\n    \u001b[1m\u001b[94m|\u001b[0m\n   \u001b[1m\u001b[94m::: \u001b[0m/home/codespace/.cargo/registry/src/index.crates.io-1949cf8c6b5b557f/nalgebra-0.32.6/src/base/unit.rs:112:8\n    \u001b[1m\u001b[94m|\u001b[0m\n\u001b[1m\u001b[94m112\u001b[0m \u001b[1m\u001b[94m|\u001b[0m     fn norm(&self) -> Self::Norm;\n    \u001b[1m\u001b[94m|\u001b[0m        \u001b[1m\u001b[94m----\u001b[0m \u001b[1m\u001b[94mthe method is available for `Complex<f64>` here\u001b[0m\n    \u001b[1m\u001b[94m|\u001b[0m\n    \u001b[1m\u001b[94m= \u001b[0m\u001b[1mhelp\u001b[0m: items from traits can only be used if the trait is in scope\n\u001b[1m\u001b[96mhelp\u001b[0m: trait `Normed` which provides `norm` is implemented but not in scope; perhaps you want to import it\n    \u001b[1m\u001b[94m|\u001b[0m\n  \u001b[1m\u001b[94m5\u001b[0m \u001b[92m+ use nalgebra::Normed;\u001b[0m\n    \u001b[1m\u001b[94m|\u001b[0m\n\u001b[1m\u001b[96mhelp\u001b[0m: there is a method `norm1` with a similar name\n    \u001b[1m\u001b[94m|\u001b[0m\n\u001b[1m\u001b[94m130\u001b[0m \u001b[1m\u001b[94m| \u001b[0m                if (producto - esperado).norm\u001b[92m1\u001b[0m() > tolerancia {\n    \u001b[1m\u001b[94m|\u001b[0m                                              \u001b[92m+\u001b[0m\n\n"}
{"$message_type":"diagnostic","message":"aborting due to 2 previous errors","code":null,"level":"error","spans":[],"children":[],"rendered":"\u001b[1m\u001b[91merror\u001b[0m\u001b[1m: aborting due to 2 previous errors\u001b[0m\n\n"}
{"$message_type":"diagnostic","message":"Some errors have detailed explanations: E0277, E0599.","code":null,"level":"failure-note","spans":[],"children":[],"rendered":"\u001b[1mSome errors have detailed explanations: E0277, E0599.\u001b[0m\n"}
{"$message_type":"diagnostic","message":"For more information about an error, try `rustc --explain E0277`.","code":null,"level":"failure-note","spans":[],"children":[],"rendered":"\u001b[1mFor more information about an error, try `rustc --explain E0277`.\u001b[0m\n"}
