{"$message_type":"diagnostic","message":"unused import: `approx::assert_abs_diff_eq`","code":{"code":"unused_imports","explanation":null},"level":"warning","spans":[{"file_name":"CORE/src/fibonacci_dimensions.rs","byte_start":4139,"byte_end":4165,"line_start":128,"line_end":128,"column_start":9,"column_end":35,"is_primary":true,"text":[{"text":"    use approx::assert_abs_diff_eq;","highlight_start":9,"highlight_end":35}],"label":null,"suggested_replacement":null,"suggestion_applicability":null,"expansion":null}],"children":[{"message":"`#[warn(unused_imports)]` (part of `#[warn(unused)]`) on by default","code":null,"level":"note","spans":[],"children":[],"rendered":null},{"message":"remove the whole `use` item","code":null,"level":"help","spans":[{"file_name":"CORE/src/fibonacci_dimensions.rs","byte_start":4135,"byte_end":4166,"line_start":128,"line_end":128,"column_start":5,"column_end":36,"is_primary":true,"text":[{"text":"    use approx::assert_abs_diff_eq;","highlight_start":5,"highlight_end":36}],"label":null,"suggested_replacement":"","suggestion_applicability":"MachineApplicable","expansion":null}],"children":[],"rendered":null}],"rendered":"\u001b[1m\u001b[33mwarning\u001b[0m\u001b[1m: unused import: `approx::assert_abs_diff_eq`\u001b[0m\n   \u001b[1m\u001b[94m--> \u001b[0mCORE/src/fibonacci_dimensions.rs:128:9\n    \u001b[1m\u001b[94m|\u001b[0m\n\u001b[1m\u001b[94m128\u001b[0m \u001b[1m\u001b[94m|\u001b[0m     use approx::assert_abs_diff_eq;\n    \u001b[1m\u001b[94m|\u001b[0m         \u001b[1m\u001b[33m^^^^^^^^^^^^^^^^^^^^^^^^^^\u001b[0m\n    \u001b[1m\u001b[94m|\u001b[0m\n    \u001b[1m\u001b[94m= \u001b[0m\u001b[1mnote\u001b[0m: `#[warn(unused_imports)]` (part of `#[warn(unused)]`) on by default\n\n"}
{"$message_type":"diagnostic","message":"unused import: `approx::assert_abs_diff_eq`","code":{"code":"unused_imports","explanation":null},"level":"warning","spans":[{"file_name":"CORE/src/lib.rs","byte_start":2456,"byte_end":2482,"line_start":86,"line_end":86,"column_start":9,"column_end":35,"is_primary":true,"text":[{"text":"    use approx::assert_abs_diff_eq;","highlight_start":9,"highlight_end":35}],"label":null,"suggested_replacement":null,"suggestion_applicability":null,"expansion":null}],"children":[{"message":"remove the whole `use` item","code":null,"level":"help","spans":[{"file_name":"CORE/src/lib.rs","byte_start":2452,"byte_end":2483,"line_start":86,"line_end":86,"column_start":5,"column_end":36,"is_primary":true,"text":[{"text":"    use approx::assert_abs_diff_eq;","highlight_start":5,"highlight_end":36}],"label":null,"suggested_replacement":"","suggestion_applicability":"MachineApplicable","expansion":null}],"children":[],"rendered":null}],"rendered":"\u001b[1m\u001b[33mwarning\u001b[0m\u001b[1m: unused import: `approx::assert_abs_diff_eq`\u001b[0m\n  \u001b[1m\u001b[94m--> \u001b[0mCORE/src/lib.rs:86:9\n   \u001b[1m\u001b[94m|\u001b[0m\n\u001b[1m\u001b[94m86\u001b[0m \u001b[1m\u001b[94m|\u001b[0m     use approx::assert_abs_diff_eq;\n   \u001b[1m\u001b[94m|\u001b[0m         \u001b[1m\u001b[33m^^^^^^^^^^^^^^^^^^^^^^^^^^\u001b[0m\n\n"}
{"$message_type":"diagnostic","message":"cannot call non-const method `f64::<impl f64>::powi` in constants","code":{"code":"E0015","explanation":"A non-`const` function was called in a `const` context.\n\nErroneous code example:\n\n```compile_fail,E0015\nfn create_some() -> Option<u8> {\n    Some(1)\n}\n\n// error: cannot call non-const function `create_some` in constants\nconst FOO: Option<u8> = create_some();\n```\n\nAll functions used in a `const` context (constant or static expression) must\nbe marked `const`.\n\nTo fix this error, you can declare `create_some` as a constant function:\n\n```\n// declared as a `const` function:\nconst fn create_some() -> Option<u8> {\n    Some(1)\n}\n\nconst FOO: Option<u8> = create_some(); // no error!\n```\n"},"level":"error","spans":[{"file_name":"CORE/src/phi_constants.rs","byte_start":2660,"byte_end":2667,"line_start":86,"line_end":86,"column_start":9,"column_end":16,"is_primary":true,"text":[{"text":"    PHI.powi(4),","highlight_start":9,"highlight_end":16}],"label":null,"suggested_replacement":null,"suggestion_applicability":null,"expansion":null}],"children":[{"message":"calls in constants are limited to constant functions, tuple structs and tuple variants","code":null,"level":"note","spans":[],"children":[],"rendered":null}],"rendered":"\u001b[1m\u001b[91merror[E0015]\u001b[0m\u001b[1m: cannot call non-const method `f64::<impl f64>::powi` in constants\u001b[0m\n  \u001b[1m\u001b[94m--> \u001b[0mCORE/src/phi_constants.rs:86:9\n   \u001b[1m\u001b[94m|\u001b[0m\n\u001b[1m\u001b[94m86\u001b[0m \u001b[1m\u001b[94m|\u001b[0m     PHI.powi(4),\n   \u001b[1m\u001b[94m|\u001b[0m         \u001b[1m\u001b[91m^^^^^^^\u001b[0m\n   \u001b[1m\u001b[94m|\u001b[0m\n   \u001b[1m\u001b[94m= \u001b[0m\u001b[1mnote\u001b[0m: calls in constants are limited to constant functions, tuple structs and tuple variants\n\n"}
{"$message_type":"diagnostic","message":"cannot call non-const method `f64::<impl f64>::powi` in constants","code":{"code":"E0015","explanation":"A non-`const` function was called in a `const` context.\n\nErroneous code example:\n\n```compile_fail,E0015\nfn create_some() -> Option<u8> {\n    Some(1)\n}\n\n// error: cannot call non-const function `create_some` in constants\nconst FOO: Option<u8> = create_some();\n```\n\nAll functions used in a `const` context (constant or static expression) must\nbe marked `const`.\n\nTo fix this error, you can declare `create_some` as a constant function:\n\n```\n// declared as a `const` function:\nconst fn create_some() -> Option<u8> {\n    Some(1)\n}\n\nconst FOO: Option<u8> = create_some(); // no error!\n```\n"},"level":"error","spans":[{"file_name":"CORE/src/phi_constants.rs","byte_start":2677,"byte_end":2684,"line_start":87,"line_end":87,"column_start":9,"column_end":16,"is_primary":true,"text":[{"text":"    PHI.powi(5),","highlight_start":9,"highlight_end":16}],"label":null,"suggested_replacement":null,"suggestion_applicability":null,"expansion":null}],"children":[{"message":"calls in constants are limited to constant functions, tuple structs and tuple variants","code":null,"level":"note","spans":[],"children":[],"rendered":null}],"rendered":"\u001b[1m\u001b[91merror[E0015]\u001b[0m\u001b[1m: cannot call non-const method `f64::<impl f64>::powi` in constants\u001b[0m\n  \u001b[1m\u001b[94m--> \u001b[0mCORE/src/phi_constants.rs:87:9\n   \u001b[1m\u001b[94m|\u001b[0m\n\u001b[1m\u001b[94m87\u001b[0m \u001b[1m\u001b[94m|\u001b[0m     PHI.powi(5),\n   \u001b[1m\u001b[94m|\u001b[0m         \u001b[1m\u001b[91m^^^^^^^\u001b[0m\n   \u001b[1m\u001b[94m|\u001b[0m\n   \u001b[1m\u001b[94m= \u001b[0m\u001b[1mnote\u001b[0m: calls in constants are limited to constant functions, tuple structs and tuple variants\n\n"}
{"$message_type":"diagnostic","message":"cannot call non-const method `f64::<impl f64>::powi` in constants","code":{"code":"E0015","explanation":"A non-`const` function was called in a `const` context.\n\nErroneous code example:\n\n```compile_fail,E0015\nfn create_some() -> Option<u8> {\n    Some(1)\n}\n\n// error: cannot call non-const function `create_some` in constants\nconst FOO: Option<u8> = create_some();\n```\n\nAll functions used in a `const` context (constant or static expression) must\nbe marked `const`.\n\nTo fix this error, you can declare `create_some` as a constant function:\n\n```\n// declared as a `const` function:\nconst fn create_some() -> Option<u8> {\n    Some(1)\n}\n\nconst FOO: Option<u8> = create_some(); // no error!\n```\n"},"level":"error","spans":[{"file_name":"CORE/src/phi_constants.rs","byte_start":2694,"byte_end":2701,"line_start":88,"line_end":88,"column_start":9,"column_end":16,"is_primary":true,"text":[{"text":"    PHI.powi(6),","highlight_start":9,"highlight_end":16}],"label":null,"suggested_replacement":null,"suggestion_applicability":null,"expansion":null}],"children":[{"message":"calls in constants are limited to constant functions, tuple structs and tuple variants","code":null,"level":"note","spans":[],"children":[],"rendered":null}],"rendered":"\u001b[1m\u001b[91merror[E0015]\u001b[0m\u001b[1m: cannot call non-const method `f64::<impl f64>::powi` in constants\u001b[0m\n  \u001b[1m\u001b[94m--> \u001b[0mCORE/src/phi_constants.rs:88:9\n   \u001b[1m\u001b[94m|\u001b[0m\n\u001b[1m\u001b[94m88\u001b[0m \u001b[1m\u001b[94m|\u001b[0m     PHI.powi(6),\n   \u001b[1m\u001b[94m|\u001b[0m         \u001b[1m\u001b[91m^^^^^^^\u001b[0m\n   \u001b[1m\u001b[94m|\u001b[0m\n   \u001b[1m\u001b[94m= \u001b[0m\u001b[1mnote\u001b[0m: calls in constants are limited to constant functions, tuple structs and tuple variants\n\n"}
{"$message_type":"diagnostic","message":"cannot call non-const method `f64::<impl f64>::powi` in constants","code":{"code":"E0015","explanation":"A non-`const` function was called in a `const` context.\n\nErroneous code example:\n\n```compile_fail,E0015\nfn create_some() -> Option<u8> {\n    Some(1)\n}\n\n// error: cannot call non-const function `create_some` in constants\nconst FOO: Option<u8> = create_some();\n```\n\nAll functions used in a `const` context (constant or static expression) must\nbe marked `const`.\n\nTo fix this error, you can declare `create_some` as a constant function:\n\n```\n// declared as a `const` function:\nconst fn create_some() -> Option<u8> {\n    Some(1)\n}\n\nconst FOO: Option<u8> = create_some(); // no error!\n```\n"},"level":"error","spans":[{"file_name":"CORE/src/phi_constants.rs","byte_start":2711,"byte_end":2718,"line_start":89,"line_end":89,"column_start":9,"column_end":16,"is_primary":true,"text":[{"text":"    PHI.powi(7),","highlight_start":9,"highlight_end":16}],"label":null,"suggested_replacement":null,"suggestion_applicability":null,"expansion":null}],"children":[{"message":"calls in constants are limited to constant functions, tuple structs and tuple variants","code":null,"level":"note","spans":[],"children":[],"rendered":null}],"rendered":"\u001b[1m\u001b[91merror[E0015]\u001b[0m\u001b[1m: cannot call non-const method `f64::<impl f64>::powi` in constants\u001b[0m\n  \u001b[1m\u001b[94m--> \u001b[0mCORE/src/phi_constants.rs:89:9\n   \u001b[1m\u001b[94m|\u001b[0m\n\u001b[1m\u001b[94m89\u001b[0m \u001b[1m\u001b[94m|\u001b[0m     PHI.powi(7),\n   \u001b[1m\u001b[94m|\u001b[0m         \u001b[1m\u001b[91m^^^^^^^\u001b[0m\n   \u001b[1m\u001b[94m|\u001b[0m\n   \u001b[1m\u001b[94m= \u001b[0m\u001b[1mnote\u001b[0m: calls in constants are limited to constant functions, tuple structs and tuple variants\n\n"}
{"$message_type":"diagnostic","message":"cannot call non-const method `f64::<impl f64>::powi` in constants","code":{"code":"E0015","explanation":"A non-`const` function was called in a `const` context.\n\nErroneous code example:\n\n```compile_fail,E0015\nfn create_some() -> Option<u8> {\n    Some(1)\n}\n\n// error: cannot call non-const function `create_some` in constants\nconst FOO: Option<u8> = create_some();\n```\n\nAll functions used in a `const` context (constant or static expression) must\nbe marked `const`.\n\nTo fix this error, you can declare `create_some` as a constant function:\n\n```\n// declared as a `const` function:\nconst fn create_some() -> Option<u8> {\n    Some(1)\n}\n\nconst FOO: Option<u8> = create_some(); // no error!\n```\n"},"level":"error","spans":[{"file_name":"CORE/src/phi_constants.rs","byte_start":2728,"byte_end":2735,"line_start":90,"line_end":90,"column_start":9,"column_end":16,"is_primary":true,"text":[{"text":"    PHI.powi(8),","highlight_start":9,"highlight_end":16}],"label":null,"suggested_replacement":null,"suggestion_applicability":null,"expansion":null}],"children":[{"message":"calls in constants are limited to constant functions, tuple structs and tuple variants","code":null,"level":"note","spans":[],"children":[],"rendered":null}],"rendered":"\u001b[1m\u001b[91merror[E0015]\u001b[0m\u001b[1m: cannot call non-const method `f64::<impl f64>::powi` in constants\u001b[0m\n  \u001b[1m\u001b[94m--> \u001b[0mCORE/src/phi_constants.rs:90:9\n   \u001b[1m\u001b[94m|\u001b[0m\n\u001b[1m\u001b[94m90\u001b[0m \u001b[1m\u001b[94m|\u001b[0m     PHI.powi(8),\n   \u001b[1m\u001b[94m|\u001b[0m         \u001b[1m\u001b[91m^^^^^^^\u001b[0m\n   \u001b[1m\u001b[94m|\u001b[0m\n   \u001b[1m\u001b[94m= \u001b[0m\u001b[1mnote\u001b[0m: calls in constants are limited to constant functions, tuple structs and tuple variants\n\n"}
{"$message_type":"diagnostic","message":"cannot call non-const method `f64::<impl f64>::powi` in constants","code":{"code":"E0015","explanation":"A non-`const` function was called in a `const` context.\n\nErroneous code example:\n\n```compile_fail,E0015\nfn create_some() -> Option<u8> {\n    Some(1)\n}\n\n// error: cannot call non-const function `create_some` in constants\nconst FOO: Option<u8> = create_some();\n```\n\nAll functions used in a `const` context (constant or static expression) must\nbe marked `const`.\n\nTo fix this error, you can declare `create_some` as a constant function:\n\n```\n// declared as a `const` function:\nconst fn create_some() -> Option<u8> {\n    Some(1)\n}\n\nconst FOO: Option<u8> = create_some(); // no error!\n```\n"},"level":"error","spans":[{"file_name":"CORE/src/phi_constants.rs","byte_start":2745,"byte_end":2752,"line_start":91,"line_end":91,"column_start":9,"column_end":16,"is_primary":true,"text":[{"text":"    PHI.powi(9),","highlight_start":9,"highlight_end":16}],"label":null,"suggested_replacement":null,"suggestion_applicability":null,"expansion":null}],"children":[{"message":"calls in constants are limited to constant functions, tuple structs and tuple variants","code":null,"level":"note","spans":[],"children":[],"rendered":null}],"rendered":"\u001b[1m\u001b[91merror[E0015]\u001b[0m\u001b[1m: cannot call non-const method `f64::<impl f64>::powi` in constants\u001b[0m\n  \u001b[1m\u001b[94m--> \u001b[0mCORE/src/phi_constants.rs:91:9\n   \u001b[1m\u001b[94m|\u001b[0m\n\u001b[1m\u001b[94m91\u001b[0m \u001b[1m\u001b[94m|\u001b[0m     PHI.powi(9),\n   \u001b[1m\u001b[94m|\u001b[0m         \u001b[1m\u001b[91m^^^^^^^\u001b[0m\n   \u001b[1m\u001b[94m|\u001b[0m\n   \u001b[1m\u001b[94m= \u001b[0m\u001b[1mnote\u001b[0m: calls in constants are limited to constant functions, tuple structs and tuple variants\n\n"}
{"$message_type":"diagnostic","message":"cannot call non-const method `f64::<impl f64>::powi` in constants","code":{"code":"E0015","explanation":"A non-`const` function was called in a `const` context.\n\nErroneous code example:\n\n```compile_fail,E0015\nfn create_some() -> Option<u8> {\n    Some(1)\n}\n\n// error: cannot call non-const function `create_some` in constants\nconst FOO: Option<u8> = create_some();\n```\n\nAll functions used in a `const` context (constant or static expression) must\nbe marked `const`.\n\nTo fix this error, you can declare `create_some` as a constant function:\n\n```\n// declared as a `const` function:\nconst fn create_some() -> Option<u8> {\n    Some(1)\n}\n\nconst FOO: Option<u8> = create_some(); // no error!\n```\n"},"level":"error","spans":[{"file_name":"CORE/src/phi_constants.rs","byte_start":2762,"byte_end":2770,"line_start":92,"line_end":92,"column_start":9,"column_end":17,"is_primary":true,"text":[{"text":"    PHI.powi(10),","highlight_start":9,"highlight_end":17}],"label":null,"suggested_replacement":null,"suggestion_applicability":null,"expansion":null}],"children":[{"message":"calls in constants are limited to constant functions, tuple structs and tuple variants","code":null,"level":"note","spans":[],"children":[],"rendered":null}],"rendered":"\u001b[1m\u001b[91merror[E0015]\u001b[0m\u001b[1m: cannot call non-const method `f64::<impl f64>::powi` in constants\u001b[0m\n  \u001b[1m\u001b[94m--> \u001b[0mCORE/src/phi_constants.rs:92:9\n   \u001b[1m\u001b[94m|\u001b[0m\n\u001b[1m\u001b[94m92\u001b[0m \u001b[1m\u001b[94m|\u001b[0m     PHI.powi(10),\n   \u001b[1m\u001b[94m|\u001b[0m         \u001b[1m\u001b[91m^^^^^^^^\u001b[0m\n   \u001b[1m\u001b[94m|\u001b[0m\n   \u001b[1m\u001b[94m= \u001b[0m\u001b[1mnote\u001b[0m: calls in constants are limited to constant functions, tuple structs and tuple variants\n\n"}
{"$message_type":"diagnostic","message":"cannot call non-const method `f64::<impl f64>::powi` in constants","code":{"code":"E0015","explanation":"A non-`const` function was called in a `const` context.\n\nErroneous code example:\n\n```compile_fail,E0015\nfn create_some() -> Option<u8> {\n    Some(1)\n}\n\n// error: cannot call non-const function `create_some` in constants\nconst FOO: Option<u8> = create_some();\n```\n\nAll functions used in a `const` context (constant or static expression) must\nbe marked `const`.\n\nTo fix this error, you can declare `create_some` as a constant function:\n\n```\n// declared as a `const` function:\nconst fn create_some() -> Option<u8> {\n    Some(1)\n}\n\nconst FOO: Option<u8> = create_some(); // no error!\n```\n"},"level":"error","spans":[{"file_name":"CORE/src/phi_constants.rs","byte_start":2970,"byte_end":2991,"line_start":100,"line_end":100,"column_start":28,"column_end":49,"is_primary":true,"text":[{"text":"        constants[i] = PHI.powi((i as i32) % 37);","highlight_start":28,"highlight_end":49}],"label":null,"suggested_replacement":null,"suggestion_applicability":null,"expansion":null}],"children":[{"message":"calls in constants are limited to constant functions, tuple structs and tuple variants","code":null,"level":"note","spans":[],"children":[],"rendered":null}],"rendered":"\u001b[1m\u001b[91merror[E0015]\u001b[0m\u001b[1m: cannot call non-const method `f64::<impl f64>::powi` in constants\u001b[0m\n   \u001b[1m\u001b[94m--> \u001b[0mCORE/src/phi_constants.rs:100:28\n    \u001b[1m\u001b[94m|\u001b[0m\n\u001b[1m\u001b[94m100\u001b[0m \u001b[1m\u001b[94m|\u001b[0m         constants[i] = PHI.powi((i as i32) % 37);\n    \u001b[1m\u001b[94m|\u001b[0m                            \u001b[1m\u001b[91m^^^^^^^^^^^^^^^^^^^^^\u001b[0m\n    \u001b[1m\u001b[94m|\u001b[0m\n    \u001b[1m\u001b[94m= \u001b[0m\u001b[1mnote\u001b[0m: calls in constants are limited to constant functions, tuple structs and tuple variants\n\n"}
{"$message_type":"diagnostic","message":"no function or associated item named `default` found for struct `matrix_444::MonsterMatrix444` in the current scope","code":{"code":"E0599","explanation":"This error occurs when a method is used on a type which doesn't implement it:\n\nErroneous code example:\n\n```compile_fail,E0599\nstruct Mouth;\n\nlet x = Mouth;\nx.chocolate(); // error: no method named `chocolate` found for type `Mouth`\n               //        in the current scope\n```\n\nIn this case, you need to implement the `chocolate` method to fix the error:\n\n```\nstruct Mouth;\n\nimpl Mouth {\n    fn chocolate(&self) { // We implement the `chocolate` method here.\n        println!(\"Hmmm! I love chocolate!\");\n    }\n}\n\nlet x = Mouth;\nx.chocolate(); // ok!\n```\n"},"level":"error","spans":[{"file_name":"CORE/src/lib.rs","byte_start":3218,"byte_end":3225,"line_start":107,"line_end":107,"column_start":39,"column_end":46,"is_primary":true,"text":[{"text":"        let _: Matrix444 = Matrix444::default();","highlight_start":39,"highlight_end":46}],"label":"function or associated item not found in `matrix_444::MonsterMatrix444`","suggested_replacement":null,"suggestion_applicability":null,"expansion":null},{"file_name":"CORE/src/matrix_444.rs","byte_start":642,"byte_end":669,"line_start":21,"line_end":21,"column_start":1,"column_end":28,"is_primary":false,"text":[{"text":"pub struct MonsterMatrix444 {","highlight_start":1,"highlight_end":28}],"label":"function or associated item `default` not found for this struct","suggested_replacement":null,"suggestion_applicability":null,"expansion":null}],"children":[{"message":"if you're trying to build a new `matrix_444::MonsterMatrix444` consider using one of the following associated functions:\nmatrix_444::MonsterMatrix444::new\nmatrix_444::MonsterMatrix444::new_diagonal","code":null,"level":"note","spans":[{"file_name":"CORE/src/matrix_444.rs","byte_start":787,"byte_end":807,"line_start":27,"line_end":27,"column_start":5,"column_end":25,"is_primary":true,"text":[{"text":"    pub fn new() -> Self {","highlight_start":5,"highlight_end":25}],"label":null,"suggested_replacement":null,"suggestion_applicability":null,"expansion":null},{"file_name":"CORE/src/matrix_444.rs","byte_start":2495,"byte_end":2524,"line_start":79,"line_end":79,"column_start":5,"column_end":34,"is_primary":true,"text":[{"text":"    pub fn new_diagonal() -> Self {","highlight_start":5,"highlight_end":34}],"label":null,"suggested_replacement":null,"suggestion_applicability":null,"expansion":null}],"children":[],"rendered":null},{"message":"items from traits can only be used if the trait is implemented and in scope","code":null,"level":"help","spans":[],"children":[],"rendered":null},{"message":"the following trait defines an item `default`, perhaps you need to implement it:\ncandidate #1: `Default`","code":null,"level":"note","spans":[],"children":[],"rendered":null}],"rendered":"\u001b[1m\u001b[91merror[E0599]\u001b[0m\u001b[1m: no function or associated item named `default` found for struct `matrix_444::MonsterMatrix444` in the current scope\u001b[0m\n   \u001b[1m\u001b[94m--> \u001b[0mCORE/src/lib.rs:107:39\n    \u001b[1m\u001b[94m|\u001b[0m\n\u001b[1m\u001b[94m107\u001b[0m \u001b[1m\u001b[94m|\u001b[0m         let _: Matrix444 = Matrix444::default();\n    \u001b[1m\u001b[94m|\u001b[0m                                       \u001b[1m\u001b[91m^^^^^^^\u001b[0m \u001b[1m\u001b[91mfunction or associated item not found in `matrix_444::MonsterMatrix444`\u001b[0m\n    \u001b[1m\u001b[94m|\u001b[0m\n   \u001b[1m\u001b[94m::: \u001b[0mCORE/src/matrix_444.rs:21:1\n    \u001b[1m\u001b[94m|\u001b[0m\n \u001b[1m\u001b[94m21\u001b[0m \u001b[1m\u001b[94m|\u001b[0m pub struct MonsterMatrix444 {\n    \u001b[1m\u001b[94m|\u001b[0m \u001b[1m\u001b[94m---------------------------\u001b[0m \u001b[1m\u001b[94mfunction or associated item `default` not found for this struct\u001b[0m\n    \u001b[1m\u001b[94m|\u001b[0m\n\u001b[1m\u001b[92mnote\u001b[0m: if you're trying to build a new `matrix_444::MonsterMatrix444` consider using one of the following associated functions:\n      matrix_444::MonsterMatrix444::new\n      matrix_444::MonsterMatrix444::new_diagonal\n   \u001b[1m\u001b[94m--> \u001b[0mCORE/src/matrix_444.rs:27:5\n    \u001b[1m\u001b[94m|\u001b[0m\n \u001b[1m\u001b[94m27\u001b[0m \u001b[1m\u001b[94m|\u001b[0m     pub fn new() -> Self {\n    \u001b[1m\u001b[94m|\u001b[0m     \u001b[1m\u001b[92m^^^^^^^^^^^^^^^^^^^^\u001b[0m\n\u001b[1m\u001b[94m...\u001b[0m\n \u001b[1m\u001b[94m79\u001b[0m \u001b[1m\u001b[94m|\u001b[0m     pub fn new_diagonal() -> Self {\n    \u001b[1m\u001b[94m|\u001b[0m     \u001b[1m\u001b[92m^^^^^^^^^^^^^^^^^^^^^^^^^^^^^\u001b[0m\n    \u001b[1m\u001b[94m= \u001b[0m\u001b[1mhelp\u001b[0m: items from traits can only be used if the trait is implemented and in scope\n    \u001b[1m\u001b[94m= \u001b[0m\u001b[1mnote\u001b[0m: the following trait defines an item `default`, perhaps you need to implement it:\n            candidate #1: `Default`\n\n"}
{"$message_type":"diagnostic","message":"aborting due to 9 previous errors; 2 warnings emitted","code":null,"level":"error","spans":[],"children":[],"rendered":"\u001b[1m\u001b[91merror\u001b[0m\u001b[1m: aborting due to 9 previous errors; 2 warnings emitted\u001b[0m\n\n"}
{"$message_type":"diagnostic","message":"Some errors have detailed explanations: E0015, E0599.","code":null,"level":"failure-note","spans":[],"children":[],"rendered":"\u001b[1mSome errors have detailed explanations: E0015, E0599.\u001b[0m\n"}
{"$message_type":"diagnostic","message":"For more information about an error, try `rustc --explain E0015`.","code":null,"level":"failure-note","spans":[],"children":[],"rendered":"\u001b[1mFor more information about an error, try `rustc --explain E0015`.\u001b[0m\n"}
