{"$message_type":"diagnostic","message":"no method named `evolve_steps` found for struct `keygen_evolution::KeygenEvolution` in the current scope","code":{"code":"E0599","explanation":"This error occurs when a method is used on a type which doesn't implement it:\n\nErroneous code example:\n\n```compile_fail,E0599\nstruct Mouth;\n\nlet x = Mouth;\nx.chocolate(); // error: no method named `chocolate` found for type `Mouth`\n               //        in the current scope\n```\n\nIn this case, you need to implement the `chocolate` method to fix the error:\n\n```\nstruct Mouth;\n\nimpl Mouth {\n    fn chocolate(&self) { // We implement the `chocolate` method here.\n        println!(\"Hmmm! I love chocolate!\");\n    }\n}\n\nlet x = Mouth;\nx.chocolate(); // ok!\n```\n"},"level":"error","spans":[{"file_name":"CORE/src/keygen_evolution.rs","byte_start":656,"byte_end":682,"line_start":20,"line_end":20,"column_start":1,"column_end":27,"is_primary":false,"text":[{"text":"pub struct KeygenEvolution {","highlight_start":1,"highlight_end":27}],"label":"method `evolve_steps` not found for this struct","suggested_replacement":null,"suggestion_applicability":null,"expansion":null},{"file_name":"CORE/src/keygen_evolution.rs","byte_start":4003,"byte_end":4015,"line_start":104,"line_end":104,"column_start":20,"column_end":32,"is_primary":true,"text":[{"text":"        projection.evolve_steps(steps)","highlight_start":20,"highlight_end":32}],"label":null,"suggested_replacement":null,"suggestion_applicability":null,"expansion":null}],"children":[{"message":"there is a method `evolve` with a similar name, but with different arguments","code":null,"level":"help","spans":[{"file_name":"CORE/src/keygen_evolution.rs","byte_start":1974,"byte_end":2005,"line_start":56,"line_end":56,"column_start":5,"column_end":36,"is_primary":true,"text":[{"text":"    pub fn evolve(&mut self) -> f64 {","highlight_start":5,"highlight_end":36}],"label":null,"suggested_replacement":null,"suggestion_applicability":null,"expansion":null}],"children":[],"rendered":null}],"rendered":"\u001b[1m\u001b[91merror[E0599]\u001b[0m\u001b[1m: no method named `evolve_steps` found for struct `keygen_evolution::KeygenEvolution` in the current scope\u001b[0m\n   \u001b[1m\u001b[94m--> \u001b[0mCORE/src/keygen_evolution.rs:104:20\n    \u001b[1m\u001b[94m|\u001b[0m\n \u001b[1m\u001b[94m20\u001b[0m \u001b[1m\u001b[94m|\u001b[0m pub struct KeygenEvolution {\n    \u001b[1m\u001b[94m|\u001b[0m \u001b[1m\u001b[94m--------------------------\u001b[0m \u001b[1m\u001b[94mmethod `evolve_steps` not found for this struct\u001b[0m\n\u001b[1m\u001b[94m...\u001b[0m\n\u001b[1m\u001b[94m104\u001b[0m \u001b[1m\u001b[94m|\u001b[0m         projection.evolve_steps(steps)\n    \u001b[1m\u001b[94m|\u001b[0m                    \u001b[1m\u001b[91m^^^^^^^^^^^^\u001b[0m\n    \u001b[1m\u001b[94m|\u001b[0m\n\u001b[1m\u001b[96mhelp\u001b[0m: there is a method `evolve` with a similar name, but with different arguments\n   \u001b[1m\u001b[94m--> \u001b[0mCORE/src/keygen_evolution.rs:56:5\n    \u001b[1m\u001b[94m|\u001b[0m\n \u001b[1m\u001b[94m56\u001b[0m \u001b[1m\u001b[94m|\u001b[0m     pub fn evolve(&mut self) -> f64 {\n    \u001b[1m\u001b[94m|\u001b[0m     \u001b[1m\u001b[96m^^^^^^^^^^^^^^^^^^^^^^^^^^^^^^^\u001b[0m\n\n"}
{"$message_type":"diagnostic","message":"no method named `evolve_steps` found for struct `keygen_evolution::KeygenEvolution` in the current scope","code":{"code":"E0599","explanation":"This error occurs when a method is used on a type which doesn't implement it:\n\nErroneous code example:\n\n```compile_fail,E0599\nstruct Mouth;\n\nlet x = Mouth;\nx.chocolate(); // error: no method named `chocolate` found for type `Mouth`\n               //        in the current scope\n```\n\nIn this case, you need to implement the `chocolate` method to fix the error:\n\n```\nstruct Mouth;\n\nimpl Mouth {\n    fn chocolate(&self) { // We implement the `chocolate` method here.\n        println!(\"Hmmm! I love chocolate!\");\n    }\n}\n\nlet x = Mouth;\nx.chocolate(); // ok!\n```\n"},"level":"error","spans":[{"file_name":"CORE/src/keygen_evolution.rs","byte_start":656,"byte_end":682,"line_start":20,"line_end":20,"column_start":1,"column_end":27,"is_primary":false,"text":[{"text":"pub struct KeygenEvolution {","highlight_start":1,"highlight_end":27}],"label":"method `evolve_steps` not found for this struct","suggested_replacement":null,"suggestion_applicability":null,"expansion":null},{"file_name":"CORE/src/keygen_evolution.rs","byte_start":7368,"byte_end":7380,"line_start":214,"line_end":214,"column_start":20,"column_end":32,"is_primary":true,"text":[{"text":"            system.evolve_steps(steps)","highlight_start":20,"highlight_end":32}],"label":null,"suggested_replacement":null,"suggestion_applicability":null,"expansion":null}],"children":[{"message":"there is a method `evolve` with a similar name, but with different arguments","code":null,"level":"help","spans":[{"file_name":"CORE/src/keygen_evolution.rs","byte_start":1974,"byte_end":2005,"line_start":56,"line_end":56,"column_start":5,"column_end":36,"is_primary":true,"text":[{"text":"    pub fn evolve(&mut self) -> f64 {","highlight_start":5,"highlight_end":36}],"label":null,"suggested_replacement":null,"suggestion_applicability":null,"expansion":null}],"children":[],"rendered":null}],"rendered":"\u001b[1m\u001b[91merror[E0599]\u001b[0m\u001b[1m: no method named `evolve_steps` found for struct `keygen_evolution::KeygenEvolution` in the current scope\u001b[0m\n   \u001b[1m\u001b[94m--> \u001b[0mCORE/src/keygen_evolution.rs:214:20\n    \u001b[1m\u001b[94m|\u001b[0m\n \u001b[1m\u001b[94m20\u001b[0m \u001b[1m\u001b[94m|\u001b[0m pub struct KeygenEvolution {\n    \u001b[1m\u001b[94m|\u001b[0m \u001b[1m\u001b[94m--------------------------\u001b[0m \u001b[1m\u001b[94mmethod `evolve_steps` not found for this struct\u001b[0m\n\u001b[1m\u001b[94m...\u001b[0m\n\u001b[1m\u001b[94m214\u001b[0m \u001b[1m\u001b[94m|\u001b[0m             system.evolve_steps(steps)\n    \u001b[1m\u001b[94m|\u001b[0m                    \u001b[1m\u001b[91m^^^^^^^^^^^^\u001b[0m\n    \u001b[1m\u001b[94m|\u001b[0m\n\u001b[1m\u001b[96mhelp\u001b[0m: there is a method `evolve` with a similar name, but with different arguments\n   \u001b[1m\u001b[94m--> \u001b[0mCORE/src/keygen_evolution.rs:56:5\n    \u001b[1m\u001b[94m|\u001b[0m\n \u001b[1m\u001b[94m56\u001b[0m \u001b[1m\u001b[94m|\u001b[0m     pub fn evolve(&mut self) -> f64 {\n    \u001b[1m\u001b[94m|\u001b[0m     \u001b[1m\u001b[96m^^^^^^^^^^^^^^^^^^^^^^^^^^^^^^^\u001b[0m\n\n"}
{"$message_type":"diagnostic","message":"no method named `evolve_steps` found for struct `keygen_evolution::KeygenEvolution` in the current scope","code":{"code":"E0599","explanation":"This error occurs when a method is used on a type which doesn't implement it:\n\nErroneous code example:\n\n```compile_fail,E0599\nstruct Mouth;\n\nlet x = Mouth;\nx.chocolate(); // error: no method named `chocolate` found for type `Mouth`\n               //        in the current scope\n```\n\nIn this case, you need to implement the `chocolate` method to fix the error:\n\n```\nstruct Mouth;\n\nimpl Mouth {\n    fn chocolate(&self) { // We implement the `chocolate` method here.\n        println!(\"Hmmm! I love chocolate!\");\n    }\n}\n\nlet x = Mouth;\nx.chocolate(); // ok!\n```\n"},"level":"error","spans":[{"file_name":"CORE/src/keygen_evolution.rs","byte_start":656,"byte_end":682,"line_start":20,"line_end":20,"column_start":1,"column_end":27,"is_primary":false,"text":[{"text":"pub struct KeygenEvolution {","highlight_start":1,"highlight_end":27}],"label":"method `evolve_steps` not found for this struct","suggested_replacement":null,"suggestion_applicability":null,"expansion":null},{"file_name":"CORE/src/keygen_evolution.rs","byte_start":8716,"byte_end":8728,"line_start":259,"line_end":259,"column_start":30,"column_end":42,"is_primary":true,"text":[{"text":"        let results = system.evolve_steps(10);","highlight_start":30,"highlight_end":42}],"label":null,"suggested_replacement":null,"suggestion_applicability":null,"expansion":null}],"children":[{"message":"there is a method `evolve` with a similar name, but with different arguments","code":null,"level":"help","spans":[{"file_name":"CORE/src/keygen_evolution.rs","byte_start":1974,"byte_end":2005,"line_start":56,"line_end":56,"column_start":5,"column_end":36,"is_primary":true,"text":[{"text":"    pub fn evolve(&mut self) -> f64 {","highlight_start":5,"highlight_end":36}],"label":null,"suggested_replacement":null,"suggestion_applicability":null,"expansion":null}],"children":[],"rendered":null}],"rendered":"\u001b[1m\u001b[91merror[E0599]\u001b[0m\u001b[1m: no method named `evolve_steps` found for struct `keygen_evolution::KeygenEvolution` in the current scope\u001b[0m\n   \u001b[1m\u001b[94m--> \u001b[0mCORE/src/keygen_evolution.rs:259:30\n    \u001b[1m\u001b[94m|\u001b[0m\n \u001b[1m\u001b[94m20\u001b[0m \u001b[1m\u001b[94m|\u001b[0m pub struct KeygenEvolution {\n    \u001b[1m\u001b[94m|\u001b[0m \u001b[1m\u001b[94m--------------------------\u001b[0m \u001b[1m\u001b[94mmethod `evolve_steps` not found for this struct\u001b[0m\n\u001b[1m\u001b[94m...\u001b[0m\n\u001b[1m\u001b[94m259\u001b[0m \u001b[1m\u001b[94m|\u001b[0m         let results = system.evolve_steps(10);\n    \u001b[1m\u001b[94m|\u001b[0m                              \u001b[1m\u001b[91m^^^^^^^^^^^^\u001b[0m\n    \u001b[1m\u001b[94m|\u001b[0m\n\u001b[1m\u001b[96mhelp\u001b[0m: there is a method `evolve` with a similar name, but with different arguments\n   \u001b[1m\u001b[94m--> \u001b[0mCORE/src/keygen_evolution.rs:56:5\n    \u001b[1m\u001b[94m|\u001b[0m\n \u001b[1m\u001b[94m56\u001b[0m \u001b[1m\u001b[94m|\u001b[0m     pub fn evolve(&mut self) -> f64 {\n    \u001b[1m\u001b[94m|\u001b[0m     \u001b[1m\u001b[96m^^^^^^^^^^^^^^^^^^^^^^^^^^^^^^^\u001b[0m\n\n"}
{"$message_type":"diagnostic","message":"no method named `evolve_steps` found for struct `keygen_evolution::KeygenEvolution` in the current scope","code":{"code":"E0599","explanation":"This error occurs when a method is used on a type which doesn't implement it:\n\nErroneous code example:\n\n```compile_fail,E0599\nstruct Mouth;\n\nlet x = Mouth;\nx.chocolate(); // error: no method named `chocolate` found for type `Mouth`\n               //        in the current scope\n```\n\nIn this case, you need to implement the `chocolate` method to fix the error:\n\n```\nstruct Mouth;\n\nimpl Mouth {\n    fn chocolate(&self) { // We implement the `chocolate` method here.\n        println!(\"Hmmm! I love chocolate!\");\n    }\n}\n\nlet x = Mouth;\nx.chocolate(); // ok!\n```\n"},"level":"error","spans":[{"file_name":"CORE/src/keygen_evolution.rs","byte_start":656,"byte_end":682,"line_start":20,"line_end":20,"column_start":1,"column_end":27,"is_primary":false,"text":[{"text":"pub struct KeygenEvolution {","highlight_start":1,"highlight_end":27}],"label":"method `evolve_steps` not found for this struct","suggested_replacement":null,"suggestion_applicability":null,"expansion":null},{"file_name":"CORE/src/keygen_evolution.rs","byte_start":9924,"byte_end":9936,"line_start":291,"line_end":291,"column_start":16,"column_end":28,"is_primary":true,"text":[{"text":"        system.evolve_steps(50);","highlight_start":16,"highlight_end":28}],"label":null,"suggested_replacement":null,"suggestion_applicability":null,"expansion":null}],"children":[{"message":"there is a method `evolve` with a similar name, but with different arguments","code":null,"level":"help","spans":[{"file_name":"CORE/src/keygen_evolution.rs","byte_start":1974,"byte_end":2005,"line_start":56,"line_end":56,"column_start":5,"column_end":36,"is_primary":true,"text":[{"text":"    pub fn evolve(&mut self) -> f64 {","highlight_start":5,"highlight_end":36}],"label":null,"suggested_replacement":null,"suggestion_applicability":null,"expansion":null}],"children":[],"rendered":null}],"rendered":"\u001b[1m\u001b[91merror[E0599]\u001b[0m\u001b[1m: no method named `evolve_steps` found for struct `keygen_evolution::KeygenEvolution` in the current scope\u001b[0m\n   \u001b[1m\u001b[94m--> \u001b[0mCORE/src/keygen_evolution.rs:291:16\n    \u001b[1m\u001b[94m|\u001b[0m\n \u001b[1m\u001b[94m20\u001b[0m \u001b[1m\u001b[94m|\u001b[0m pub struct KeygenEvolution {\n    \u001b[1m\u001b[94m|\u001b[0m \u001b[1m\u001b[94m--------------------------\u001b[0m \u001b[1m\u001b[94mmethod `evolve_steps` not found for this struct\u001b[0m\n\u001b[1m\u001b[94m...\u001b[0m\n\u001b[1m\u001b[94m291\u001b[0m \u001b[1m\u001b[94m|\u001b[0m         system.evolve_steps(50);\n    \u001b[1m\u001b[94m|\u001b[0m                \u001b[1m\u001b[91m^^^^^^^^^^^^\u001b[0m\n    \u001b[1m\u001b[94m|\u001b[0m\n\u001b[1m\u001b[96mhelp\u001b[0m: there is a method `evolve` with a similar name, but with different arguments\n   \u001b[1m\u001b[94m--> \u001b[0mCORE/src/keygen_evolution.rs:56:5\n    \u001b[1m\u001b[94m|\u001b[0m\n \u001b[1m\u001b[94m56\u001b[0m \u001b[1m\u001b[94m|\u001b[0m     pub fn evolve(&mut self) -> f64 {\n    \u001b[1m\u001b[94m|\u001b[0m     \u001b[1m\u001b[96m^^^^^^^^^^^^^^^^^^^^^^^^^^^^^^^\u001b[0m\n\n"}
{"$message_type":"diagnostic","message":"no method named `evolve_steps` found for struct `keygen_evolution::KeygenEvolution` in the current scope","code":{"code":"E0599","explanation":"This error occurs when a method is used on a type which doesn't implement it:\n\nErroneous code example:\n\n```compile_fail,E0599\nstruct Mouth;\n\nlet x = Mouth;\nx.chocolate(); // error: no method named `chocolate` found for type `Mouth`\n               //        in the current scope\n```\n\nIn this case, you need to implement the `chocolate` method to fix the error:\n\n```\nstruct Mouth;\n\nimpl Mouth {\n    fn chocolate(&self) { // We implement the `chocolate` method here.\n        println!(\"Hmmm! I love chocolate!\");\n    }\n}\n\nlet x = Mouth;\nx.chocolate(); // ok!\n```\n"},"level":"error","spans":[{"file_name":"CORE/src/keygen_evolution.rs","byte_start":656,"byte_end":682,"line_start":20,"line_end":20,"column_start":1,"column_end":27,"is_primary":false,"text":[{"text":"pub struct KeygenEvolution {","highlight_start":1,"highlight_end":27}],"label":"method `evolve_steps` not found for this struct","suggested_replacement":null,"suggestion_applicability":null,"expansion":null},{"file_name":"CORE/src/keygen_evolution.rs","byte_start":10253,"byte_end":10265,"line_start":300,"line_end":300,"column_start":16,"column_end":28,"is_primary":true,"text":[{"text":"        system.evolve_steps(5);","highlight_start":16,"highlight_end":28}],"label":null,"suggested_replacement":null,"suggestion_applicability":null,"expansion":null}],"children":[{"message":"there is a method `evolve` with a similar name, but with different arguments","code":null,"level":"help","spans":[{"file_name":"CORE/src/keygen_evolution.rs","byte_start":1974,"byte_end":2005,"line_start":56,"line_end":56,"column_start":5,"column_end":36,"is_primary":true,"text":[{"text":"    pub fn evolve(&mut self) -> f64 {","highlight_start":5,"highlight_end":36}],"label":null,"suggested_replacement":null,"suggestion_applicability":null,"expansion":null}],"children":[],"rendered":null}],"rendered":"\u001b[1m\u001b[91merror[E0599]\u001b[0m\u001b[1m: no method named `evolve_steps` found for struct `keygen_evolution::KeygenEvolution` in the current scope\u001b[0m\n   \u001b[1m\u001b[94m--> \u001b[0mCORE/src/keygen_evolution.rs:300:16\n    \u001b[1m\u001b[94m|\u001b[0m\n \u001b[1m\u001b[94m20\u001b[0m \u001b[1m\u001b[94m|\u001b[0m pub struct KeygenEvolution {\n    \u001b[1m\u001b[94m|\u001b[0m \u001b[1m\u001b[94m--------------------------\u001b[0m \u001b[1m\u001b[94mmethod `evolve_steps` not found for this struct\u001b[0m\n\u001b[1m\u001b[94m...\u001b[0m\n\u001b[1m\u001b[94m300\u001b[0m \u001b[1m\u001b[94m|\u001b[0m         system.evolve_steps(5);\n    \u001b[1m\u001b[94m|\u001b[0m                \u001b[1m\u001b[91m^^^^^^^^^^^^\u001b[0m\n    \u001b[1m\u001b[94m|\u001b[0m\n\u001b[1m\u001b[96mhelp\u001b[0m: there is a method `evolve` with a similar name, but with different arguments\n   \u001b[1m\u001b[94m--> \u001b[0mCORE/src/keygen_evolution.rs:56:5\n    \u001b[1m\u001b[94m|\u001b[0m\n \u001b[1m\u001b[94m56\u001b[0m \u001b[1m\u001b[94m|\u001b[0m     pub fn evolve(&mut self) -> f64 {\n    \u001b[1m\u001b[94m|\u001b[0m     \u001b[1m\u001b[96m^^^^^^^^^^^^^^^^^^^^^^^^^^^^^^^\u001b[0m\n\n"}
{"$message_type":"diagnostic","message":"no method named `evolve_steps` found for struct `keygen_evolution::KeygenEvolution` in the current scope","code":{"code":"E0599","explanation":"This error occurs when a method is used on a type which doesn't implement it:\n\nErroneous code example:\n\n```compile_fail,E0599\nstruct Mouth;\n\nlet x = Mouth;\nx.chocolate(); // error: no method named `chocolate` found for type `Mouth`\n               //        in the current scope\n```\n\nIn this case, you need to implement the `chocolate` method to fix the error:\n\n```\nstruct Mouth;\n\nimpl Mouth {\n    fn chocolate(&self) { // We implement the `chocolate` method here.\n        println!(\"Hmmm! I love chocolate!\");\n    }\n}\n\nlet x = Mouth;\nx.chocolate(); // ok!\n```\n"},"level":"error","spans":[{"file_name":"CORE/src/keygen_evolution.rs","byte_start":656,"byte_end":682,"line_start":20,"line_end":20,"column_start":1,"column_end":27,"is_primary":false,"text":[{"text":"pub struct KeygenEvolution {","highlight_start":1,"highlight_end":27}],"label":"method `evolve_steps` not found for this struct","suggested_replacement":null,"suggestion_applicability":null,"expansion":null},{"file_name":"CORE/src/keygen_evolution.rs","byte_start":11089,"byte_end":11101,"line_start":324,"line_end":324,"column_start":16,"column_end":28,"is_primary":true,"text":[{"text":"        system.evolve_steps(15);","highlight_start":16,"highlight_end":28}],"label":null,"suggested_replacement":null,"suggestion_applicability":null,"expansion":null}],"children":[{"message":"there is a method `evolve` with a similar name, but with different arguments","code":null,"level":"help","spans":[{"file_name":"CORE/src/keygen_evolution.rs","byte_start":1974,"byte_end":2005,"line_start":56,"line_end":56,"column_start":5,"column_end":36,"is_primary":true,"text":[{"text":"    pub fn evolve(&mut self) -> f64 {","highlight_start":5,"highlight_end":36}],"label":null,"suggested_replacement":null,"suggestion_applicability":null,"expansion":null}],"children":[],"rendered":null}],"rendered":"\u001b[1m\u001b[91merror[E0599]\u001b[0m\u001b[1m: no method named `evolve_steps` found for struct `keygen_evolution::KeygenEvolution` in the current scope\u001b[0m\n   \u001b[1m\u001b[94m--> \u001b[0mCORE/src/keygen_evolution.rs:324:16\n    \u001b[1m\u001b[94m|\u001b[0m\n \u001b[1m\u001b[94m20\u001b[0m \u001b[1m\u001b[94m|\u001b[0m pub struct KeygenEvolution {\n    \u001b[1m\u001b[94m|\u001b[0m \u001b[1m\u001b[94m--------------------------\u001b[0m \u001b[1m\u001b[94mmethod `evolve_steps` not found for this struct\u001b[0m\n\u001b[1m\u001b[94m...\u001b[0m\n\u001b[1m\u001b[94m324\u001b[0m \u001b[1m\u001b[94m|\u001b[0m         system.evolve_steps(15);\n    \u001b[1m\u001b[94m|\u001b[0m                \u001b[1m\u001b[91m^^^^^^^^^^^^\u001b[0m\n    \u001b[1m\u001b[94m|\u001b[0m\n\u001b[1m\u001b[96mhelp\u001b[0m: there is a method `evolve` with a similar name, but with different arguments\n   \u001b[1m\u001b[94m--> \u001b[0mCORE/src/keygen_evolution.rs:56:5\n    \u001b[1m\u001b[94m|\u001b[0m\n \u001b[1m\u001b[94m56\u001b[0m \u001b[1m\u001b[94m|\u001b[0m     pub fn evolve(&mut self) -> f64 {\n    \u001b[1m\u001b[94m|\u001b[0m     \u001b[1m\u001b[96m^^^^^^^^^^^^^^^^^^^^^^^^^^^^^^^\u001b[0m\n\n"}
{"$message_type":"diagnostic","message":"no method named `evolve_steps` found for struct `keygen_evolution::KeygenEvolution` in the current scope","code":{"code":"E0599","explanation":"This error occurs when a method is used on a type which doesn't implement it:\n\nErroneous code example:\n\n```compile_fail,E0599\nstruct Mouth;\n\nlet x = Mouth;\nx.chocolate(); // error: no method named `chocolate` found for type `Mouth`\n               //        in the current scope\n```\n\nIn this case, you need to implement the `chocolate` method to fix the error:\n\n```\nstruct Mouth;\n\nimpl Mouth {\n    fn chocolate(&self) { // We implement the `chocolate` method here.\n        println!(\"Hmmm! I love chocolate!\");\n    }\n}\n\nlet x = Mouth;\nx.chocolate(); // ok!\n```\n"},"level":"error","spans":[{"file_name":"CORE/src/keygen_evolution.rs","byte_start":656,"byte_end":682,"line_start":20,"line_end":20,"column_start":1,"column_end":27,"is_primary":false,"text":[{"text":"pub struct KeygenEvolution {","highlight_start":1,"highlight_end":27}],"label":"method `evolve_steps` not found for this struct","suggested_replacement":null,"suggestion_applicability":null,"expansion":null},{"file_name":"CORE/src/keygen_evolution.rs","byte_start":11924,"byte_end":11936,"line_start":348,"line_end":348,"column_start":16,"column_end":28,"is_primary":true,"text":[{"text":"        system.evolve_steps(25);","highlight_start":16,"highlight_end":28}],"label":null,"suggested_replacement":null,"suggestion_applicability":null,"expansion":null}],"children":[{"message":"there is a method `evolve` with a similar name, but with different arguments","code":null,"level":"help","spans":[{"file_name":"CORE/src/keygen_evolution.rs","byte_start":1974,"byte_end":2005,"line_start":56,"line_end":56,"column_start":5,"column_end":36,"is_primary":true,"text":[{"text":"    pub fn evolve(&mut self) -> f64 {","highlight_start":5,"highlight_end":36}],"label":null,"suggested_replacement":null,"suggestion_applicability":null,"expansion":null}],"children":[],"rendered":null}],"rendered":"\u001b[1m\u001b[91merror[E0599]\u001b[0m\u001b[1m: no method named `evolve_steps` found for struct `keygen_evolution::KeygenEvolution` in the current scope\u001b[0m\n   \u001b[1m\u001b[94m--> \u001b[0mCORE/src/keygen_evolution.rs:348:16\n    \u001b[1m\u001b[94m|\u001b[0m\n \u001b[1m\u001b[94m20\u001b[0m \u001b[1m\u001b[94m|\u001b[0m pub struct KeygenEvolution {\n    \u001b[1m\u001b[94m|\u001b[0m \u001b[1m\u001b[94m--------------------------\u001b[0m \u001b[1m\u001b[94mmethod `evolve_steps` not found for this struct\u001b[0m\n\u001b[1m\u001b[94m...\u001b[0m\n\u001b[1m\u001b[94m348\u001b[0m \u001b[1m\u001b[94m|\u001b[0m         system.evolve_steps(25);\n    \u001b[1m\u001b[94m|\u001b[0m                \u001b[1m\u001b[91m^^^^^^^^^^^^\u001b[0m\n    \u001b[1m\u001b[94m|\u001b[0m\n\u001b[1m\u001b[96mhelp\u001b[0m: there is a method `evolve` with a similar name, but with different arguments\n   \u001b[1m\u001b[94m--> \u001b[0mCORE/src/keygen_evolution.rs:56:5\n    \u001b[1m\u001b[94m|\u001b[0m\n \u001b[1m\u001b[94m56\u001b[0m \u001b[1m\u001b[94m|\u001b[0m     pub fn evolve(&mut self) -> f64 {\n    \u001b[1m\u001b[94m|\u001b[0m     \u001b[1m\u001b[96m^^^^^^^^^^^^^^^^^^^^^^^^^^^^^^^\u001b[0m\n\n"}
{"$message_type":"diagnostic","message":"no method named `evolve_steps` found for struct `keygen_evolution::KeygenEvolution` in the current scope","code":{"code":"E0599","explanation":"This error occurs when a method is used on a type which doesn't implement it:\n\nErroneous code example:\n\n```compile_fail,E0599\nstruct Mouth;\n\nlet x = Mouth;\nx.chocolate(); // error: no method named `chocolate` found for type `Mouth`\n               //        in the current scope\n```\n\nIn this case, you need to implement the `chocolate` method to fix the error:\n\n```\nstruct Mouth;\n\nimpl Mouth {\n    fn chocolate(&self) { // We implement the `chocolate` method here.\n        println!(\"Hmmm! I love chocolate!\");\n    }\n}\n\nlet x = Mouth;\nx.chocolate(); // ok!\n```\n"},"level":"error","spans":[{"file_name":"CORE/src/keygen_evolution.rs","byte_start":656,"byte_end":682,"line_start":20,"line_end":20,"column_start":1,"column_end":27,"is_primary":false,"text":[{"text":"pub struct KeygenEvolution {","highlight_start":1,"highlight_end":27}],"label":"method `evolve_steps` not found for this struct","suggested_replacement":null,"suggestion_applicability":null,"expansion":null},{"file_name":"CORE/src/keygen_evolution.rs","byte_start":12429,"byte_end":12441,"line_start":361,"line_end":361,"column_start":16,"column_end":28,"is_primary":true,"text":[{"text":"        system.evolve_steps(5);","highlight_start":16,"highlight_end":28}],"label":null,"suggested_replacement":null,"suggestion_applicability":null,"expansion":null}],"children":[{"message":"there is a method `evolve` with a similar name, but with different arguments","code":null,"level":"help","spans":[{"file_name":"CORE/src/keygen_evolution.rs","byte_start":1974,"byte_end":2005,"line_start":56,"line_end":56,"column_start":5,"column_end":36,"is_primary":true,"text":[{"text":"    pub fn evolve(&mut self) -> f64 {","highlight_start":5,"highlight_end":36}],"label":null,"suggested_replacement":null,"suggestion_applicability":null,"expansion":null}],"children":[],"rendered":null}],"rendered":"\u001b[1m\u001b[91merror[E0599]\u001b[0m\u001b[1m: no method named `evolve_steps` found for struct `keygen_evolution::KeygenEvolution` in the current scope\u001b[0m\n   \u001b[1m\u001b[94m--> \u001b[0mCORE/src/keygen_evolution.rs:361:16\n    \u001b[1m\u001b[94m|\u001b[0m\n \u001b[1m\u001b[94m20\u001b[0m \u001b[1m\u001b[94m|\u001b[0m pub struct KeygenEvolution {\n    \u001b[1m\u001b[94m|\u001b[0m \u001b[1m\u001b[94m--------------------------\u001b[0m \u001b[1m\u001b[94mmethod `evolve_steps` not found for this struct\u001b[0m\n\u001b[1m\u001b[94m...\u001b[0m\n\u001b[1m\u001b[94m361\u001b[0m \u001b[1m\u001b[94m|\u001b[0m         system.evolve_steps(5);\n    \u001b[1m\u001b[94m|\u001b[0m                \u001b[1m\u001b[91m^^^^^^^^^^^^\u001b[0m\n    \u001b[1m\u001b[94m|\u001b[0m\n\u001b[1m\u001b[96mhelp\u001b[0m: there is a method `evolve` with a similar name, but with different arguments\n   \u001b[1m\u001b[94m--> \u001b[0mCORE/src/keygen_evolution.rs:56:5\n    \u001b[1m\u001b[94m|\u001b[0m\n \u001b[1m\u001b[94m56\u001b[0m \u001b[1m\u001b[94m|\u001b[0m     pub fn evolve(&mut self) -> f64 {\n    \u001b[1m\u001b[94m|\u001b[0m     \u001b[1m\u001b[96m^^^^^^^^^^^^^^^^^^^^^^^^^^^^^^^\u001b[0m\n\n"}
{"$message_type":"diagnostic","message":"unused import: `Normed`","code":{"code":"unused_imports","explanation":null},"level":"warning","spans":[{"file_name":"CORE/src/love_operator.rs","byte_start":209,"byte_end":215,"line_start":5,"line_end":5,"column_start":43,"column_end":49,"is_primary":true,"text":[{"text":"use nalgebra::{DMatrix, Complex, DVector, Normed};","highlight_start":43,"highlight_end":49}],"label":null,"suggested_replacement":null,"suggestion_applicability":null,"expansion":null}],"children":[{"message":"`#[warn(unused_imports)]` (part of `#[warn(unused)]`) on by default","code":null,"level":"note","spans":[],"children":[],"rendered":null}],"rendered":"\u001b[1m\u001b[33mwarning\u001b[0m\u001b[1m: unused import: `Normed`\u001b[0m\n \u001b[1m\u001b[94m--> \u001b[0mCORE/src/love_operator.rs:5:43\n  \u001b[1m\u001b[94m|\u001b[0m\n\u001b[1m\u001b[94m5\u001b[0m \u001b[1m\u001b[94m|\u001b[0m use nalgebra::{DMatrix, Complex, DVector, Normed};\n  \u001b[1m\u001b[94m|\u001b[0m                                           \u001b[1m\u001b[33m^^^^^^\u001b[0m\n  \u001b[1m\u001b[94m|\u001b[0m\n  \u001b[1m\u001b[94m= \u001b[0m\u001b[1mnote\u001b[0m: `#[warn(unused_imports)]` (part of `#[warn(unused)]`) on by default\n\n"}
{"$message_type":"diagnostic","message":"aborting due to 8 previous errors; 1 warning emitted","code":null,"level":"error","spans":[],"children":[],"rendered":"\u001b[1m\u001b[91merror\u001b[0m\u001b[1m: aborting due to 8 previous errors; 1 warning emitted\u001b[0m\n\n"}
{"$message_type":"diagnostic","message":"For more information about this error, try `rustc --explain E0599`.","code":null,"level":"failure-note","spans":[],"children":[],"rendered":"\u001b[1mFor more information about this error, try `rustc --explain E0599`.\u001b[0m\n"}
